<testsuites name="jest tests" tests="3097" failures="7" time="160.17">
  <testsuite name="Redirect replaced pages" errors="0" failures="1" skipped="0" timestamp="2018-12-06T00:48:53" time="0.658" tests="2">
    <testcase classname="Redirect replaced pages should redirect when page matches" name="Redirect replaced pages should redirect when page matches" time="0.022">
      <failure>AssertionError: expected false to be true
    at Object.&lt;anonymous&gt; (/Users/clairehsu/Projects/vets-website/src/applications/proxy-rewrite/tests/redirects/index.unit.spec.js:16:5)
    at Object.asyncJestTest (/Users/clairehsu/Projects/vets-website/node_modules/jest-jasmine2/build/jasmine_async.js:108:37)
    at resolve (/Users/clairehsu/Projects/vets-website/node_modules/jest-jasmine2/build/queue_runner.js:56:12)
    at new Promise (&lt;anonymous&gt;)
    at mapper (/Users/clairehsu/Projects/vets-website/node_modules/jest-jasmine2/build/queue_runner.js:43:19)
    at promise.then (/Users/clairehsu/Projects/vets-website/node_modules/jest-jasmine2/build/queue_runner.js:87:41)
    at &lt;anonymous&gt;
    at process._tickCallback (internal/process/next_tick.js:188:7)</failure>
    </testcase>
    <testcase classname="Redirect replaced pages should not redirect when there are no matches" name="Redirect replaced pages should not redirect when there are no matches" time="0.001">
    </testcase>
  </testsuite>
  <testsuite name="Analytics Middleware" errors="0" failures="1" skipped="0" timestamp="2018-12-06T00:48:54" time="0.127" tests="3">
    <testcase classname="Analytics Middleware should capture the proper events" name="Analytics Middleware should capture the proper events" time="0.006">
    </testcase>
    <testcase classname="Analytics Middleware should handle function events" name="Analytics Middleware should handle function events" time="0.007">
      <failure>AssertionError: expected [ Array(3) ] to deeply equal [ Array(2) ]
    at Object.eql (/Users/clairehsu/Projects/vets-website/src/platform/startup/tests/analytics-middleware.unit.spec.js:57:40)
    at Object.asyncJestTest (/Users/clairehsu/Projects/vets-website/node_modules/jest-jasmine2/build/jasmine_async.js:108:37)
    at resolve (/Users/clairehsu/Projects/vets-website/node_modules/jest-jasmine2/build/queue_runner.js:56:12)
    at new Promise (&lt;anonymous&gt;)
    at mapper (/Users/clairehsu/Projects/vets-website/node_modules/jest-jasmine2/build/queue_runner.js:43:19)
    at promise.then (/Users/clairehsu/Projects/vets-website/node_modules/jest-jasmine2/build/queue_runner.js:87:41)
    at &lt;anonymous&gt;
    at process._tickCallback (internal/process/next_tick.js:188:7)</failure>
    </testcase>
    <testcase classname="Analytics Middleware should call the next middleware" name="Analytics Middleware should call the next middleware" time="0.001">
    </testcase>
  </testsuite>
  <testsuite name="&lt;SearchHelpSignIn&gt;" errors="0" failures="1" skipped="0" timestamp="2018-12-06T00:48:53" time="1.503" tests="4">
    <testcase classname="&lt;SearchHelpSignIn&gt; should present login links when not logged in" name="&lt;SearchHelpSignIn&gt; should present login links when not logged in" time="0.786">
    </testcase>
    <testcase classname="&lt;SearchHelpSignIn&gt; should present login links when not logged in on VA subdomain" name="&lt;SearchHelpSignIn&gt; should present login links when not logged in on VA subdomain" time="0.03">
      <failure>AssertionError: expected undefined to equal &apos;https://www.va.gov/my-va&apos;
    at Object.equal (/Users/clairehsu/Projects/vets-website/src/platform/site-wide/user-nav/tests/components/SearchHelpSignIn.unit.spec.jsx:51:10)
    at Object.asyncJestTest (/Users/clairehsu/Projects/vets-website/node_modules/jest-jasmine2/build/jasmine_async.js:108:37)
    at resolve (/Users/clairehsu/Projects/vets-website/node_modules/jest-jasmine2/build/queue_runner.js:56:12)
    at new Promise (&lt;anonymous&gt;)
    at mapper (/Users/clairehsu/Projects/vets-website/node_modules/jest-jasmine2/build/queue_runner.js:43:19)
    at promise.then (/Users/clairehsu/Projects/vets-website/node_modules/jest-jasmine2/build/queue_runner.js:87:41)
    at &lt;anonymous&gt;
    at process._tickCallback (internal/process/next_tick.js:188:7)</failure>
    </testcase>
    <testcase classname="&lt;SearchHelpSignIn&gt; should render &lt;SignInProfileMenu/&gt; when logged in" name="&lt;SearchHelpSignIn&gt; should render &lt;SignInProfileMenu/&gt; when logged in" time="0.028">
    </testcase>
    <testcase classname="&lt;SearchHelpSignIn&gt; should display email for an LOA1 user without a firstname" name="&lt;SearchHelpSignIn&gt; should display email for an LOA1 user without a firstname" time="0.037">
    </testcase>
  </testsuite>
  <testsuite name="Schemaform &lt;RoutedSavableApp&gt;" errors="0" failures="4" skipped="0" timestamp="2018-12-06T00:48:53" time="1.757" tests="9">
    <testcase classname="Schemaform &lt;RoutedSavableApp&gt; should render children" name="Schemaform &lt;RoutedSavableApp&gt; should render children" time="1.056">
    </testcase>
    <testcase classname="Schemaform &lt;RoutedSavableApp&gt; should render the loading screen" name="Schemaform &lt;RoutedSavableApp&gt; should render the loading screen" time="0.007">
    </testcase>
    <testcase classname="Schemaform &lt;RoutedSavableApp&gt; should route when prefill unfilled" name="Schemaform &lt;RoutedSavableApp&gt; should route when prefill unfilled" time="0.004">
    </testcase>
    <testcase classname="Schemaform &lt;RoutedSavableApp&gt; should route and reset fetch status on success" name="Schemaform &lt;RoutedSavableApp&gt; should route and reset fetch status on success" time="0.002">
    </testcase>
    <testcase classname="Schemaform &lt;RoutedSavableApp&gt; should route to error when failed" name="Schemaform &lt;RoutedSavableApp&gt; should route to error when failed" time="0.001">
    </testcase>
    <testcase classname="Schemaform &lt;RoutedSavableApp&gt; should route to the first page if started in the middle and not logged in" name="Schemaform &lt;RoutedSavableApp&gt; should route to the first page if started in the middle and not logged in" time="0.024">
      <failure>AssertionError: expected false to be true
    at Object.&lt;anonymous&gt; (/Users/clairehsu/Projects/vets-website/src/platform/forms/tests/save-in-progress/RoutedSavableApp.unit.spec.jsx:249:5)
    at Object.asyncJestTest (/Users/clairehsu/Projects/vets-website/node_modules/jest-jasmine2/build/jasmine_async.js:108:37)
    at resolve (/Users/clairehsu/Projects/vets-website/node_modules/jest-jasmine2/build/queue_runner.js:56:12)
    at new Promise (&lt;anonymous&gt;)
    at mapper (/Users/clairehsu/Projects/vets-website/node_modules/jest-jasmine2/build/queue_runner.js:43:19)
    at promise.then (/Users/clairehsu/Projects/vets-website/node_modules/jest-jasmine2/build/queue_runner.js:87:41)
    at &lt;anonymous&gt;
    at process._tickCallback (internal/process/next_tick.js:188:7)</failure>
    </testcase>
    <testcase classname="Schemaform &lt;RoutedSavableApp&gt; should load a saved form when starting in the middle of a form and logged in" name="Schemaform &lt;RoutedSavableApp&gt; should load a saved form when starting in the middle of a form and logged in" time="0.002">
      <failure>AssertionError: expected false to be true
    at Object.&lt;anonymous&gt; (/Users/clairehsu/Projects/vets-website/src/platform/forms/tests/save-in-progress/RoutedSavableApp.unit.spec.jsx:302:5)
    at Object.asyncJestTest (/Users/clairehsu/Projects/vets-website/node_modules/jest-jasmine2/build/jasmine_async.js:108:37)
    at resolve (/Users/clairehsu/Projects/vets-website/node_modules/jest-jasmine2/build/queue_runner.js:56:12)
    at new Promise (&lt;anonymous&gt;)
    at mapper (/Users/clairehsu/Projects/vets-website/node_modules/jest-jasmine2/build/queue_runner.js:43:19)
    at promise.then (/Users/clairehsu/Projects/vets-website/node_modules/jest-jasmine2/build/queue_runner.js:87:41)
    at &lt;anonymous&gt;
    at process._tickCallback (internal/process/next_tick.js:188:7)</failure>
    </testcase>
    <testcase classname="Schemaform &lt;RoutedSavableApp&gt; should load a pre-filled form when starting in the middle of a form and logged in" name="Schemaform &lt;RoutedSavableApp&gt; should load a pre-filled form when starting in the middle of a form and logged in" time="0.002">
      <failure>AssertionError: expected false to be true
    at Object.&lt;anonymous&gt; (/Users/clairehsu/Projects/vets-website/src/platform/forms/tests/save-in-progress/RoutedSavableApp.unit.spec.jsx:361:5)
    at Object.asyncJestTest (/Users/clairehsu/Projects/vets-website/node_modules/jest-jasmine2/build/jasmine_async.js:108:37)
    at resolve (/Users/clairehsu/Projects/vets-website/node_modules/jest-jasmine2/build/queue_runner.js:56:12)
    at new Promise (&lt;anonymous&gt;)
    at mapper (/Users/clairehsu/Projects/vets-website/node_modules/jest-jasmine2/build/queue_runner.js:43:19)
    at promise.then (/Users/clairehsu/Projects/vets-website/node_modules/jest-jasmine2/build/queue_runner.js:87:41)
    at &lt;anonymous&gt;
    at process._tickCallback (internal/process/next_tick.js:188:7)</failure>
    </testcase>
    <testcase classname="Schemaform &lt;RoutedSavableApp&gt; should skip pre-fill when skipPrefill is true" name="Schemaform &lt;RoutedSavableApp&gt; should skip pre-fill when skipPrefill is true" time="0.001">
      <failure>AssertionError: expected false to be true
    at Object.&lt;anonymous&gt; (/Users/clairehsu/Projects/vets-website/src/platform/forms/tests/save-in-progress/RoutedSavableApp.unit.spec.jsx:423:5)
    at Object.asyncJestTest (/Users/clairehsu/Projects/vets-website/node_modules/jest-jasmine2/build/jasmine_async.js:108:37)
    at resolve (/Users/clairehsu/Projects/vets-website/node_modules/jest-jasmine2/build/queue_runner.js:56:12)
    at new Promise (&lt;anonymous&gt;)
    at mapper (/Users/clairehsu/Projects/vets-website/node_modules/jest-jasmine2/build/queue_runner.js:43:19)
    at promise.then (/Users/clairehsu/Projects/vets-website/node_modules/jest-jasmine2/build/queue_runner.js:87:41)
    at &lt;anonymous&gt;
    at process._tickCallback (internal/process/next_tick.js:188:7)</failure>
    </testcase>
  </testsuite>
  <testsuite name="Disability benefits 526EZ contact information" errors="0" failures="0" skipped="0" timestamp="2018-12-06T00:48:55" time="2.587" tests="14">
    <testcase classname="Disability benefits 526EZ contact information renders contact information form" name="Disability benefits 526EZ contact information renders contact information form" time="0.384">
    </testcase>
    <testcase classname="Disability benefits 526EZ contact information shows state and zip when country is USA" name="Disability benefits 526EZ contact information shows state and zip when country is USA" time="0.118">
    </testcase>
    <testcase classname="Disability benefits 526EZ contact information hides state and zip when country is not USA" name="Disability benefits 526EZ contact information hides state and zip when country is not USA" time="0.088">
    </testcase>
    <testcase classname="Disability benefits 526EZ contact information restricts state options to military state codes when city is a military city code" name="Disability benefits 526EZ contact information restricts state options to military state codes when city is a military city code" time="0.084">
    </testcase>
    <testcase classname="Disability benefits 526EZ contact information does not restrict state options  when city is not a military city code" name="Disability benefits 526EZ contact information does not restrict state options  when city is not a military city code" time="0.095">
    </testcase>
    <testcase classname="Disability benefits 526EZ contact information validates that state is military type if city is military type" name="Disability benefits 526EZ contact information validates that state is military type if city is military type" time="0.137">
    </testcase>
    <testcase classname="Disability benefits 526EZ contact information validates that city is military type if state is military type" name="Disability benefits 526EZ contact information validates that city is military type if state is military type" time="0.116">
    </testcase>
    <testcase classname="Disability benefits 526EZ contact information expands forwarding address fields when forwarding address checked" name="Disability benefits 526EZ contact information expands forwarding address fields when forwarding address checked" time="0.282">
    </testcase>
    <testcase classname="Disability benefits 526EZ contact information validates that forwarding state is military type if forwarding city is military type" name="Disability benefits 526EZ contact information validates that forwarding state is military type if forwarding city is military type" time="0.146">
    </testcase>
    <testcase classname="Disability benefits 526EZ contact information validates that forwarding city is military type if forwarding state is military type" name="Disability benefits 526EZ contact information validates that forwarding city is military type if forwarding state is military type" time="0.118">
    </testcase>
    <testcase classname="Disability benefits 526EZ contact information validates that effective date is in the future" name="Disability benefits 526EZ contact information validates that effective date is in the future" time="0.125">
    </testcase>
    <testcase classname="Disability benefits 526EZ contact information validates that effective end date is after start date" name="Disability benefits 526EZ contact information validates that effective end date is after start date" time="0.119">
    </testcase>
    <testcase classname="Disability benefits 526EZ contact information does not submit without required info" name="Disability benefits 526EZ contact information does not submit without required info" time="0.138">
    </testcase>
    <testcase classname="Disability benefits 526EZ contact information does submit with required info" name="Disability benefits 526EZ contact information does submit with required info" time="0.032">
    </testcase>
  </testsuite>
  <testsuite name="Edu contactInformationPage" errors="0" failures="0" skipped="0" timestamp="2018-12-06T00:48:55" time="3.201" tests="25">
    <testcase classname="Edu contactInformationPage 5495 should render" name="Edu contactInformationPage 5495 should render" time="0.21">
    </testcase>
    <testcase classname="Edu contactInformationPage 5495 should render validation errors for required fields" name="Edu contactInformationPage 5495 should render validation errors for required fields" time="0.133">
    </testcase>
    <testcase classname="Edu contactInformationPage 5495 should conditionally require phone number" name="Edu contactInformationPage 5495 should conditionally require phone number" time="0.141">
    </testcase>
    <testcase classname="Edu contactInformationPage 5495 should show error if emails do not match" name="Edu contactInformationPage 5495 should show error if emails do not match" time="0.163">
    </testcase>
    <testcase classname="Edu contactInformationPage 5495 review page should not render confirm email" name="Edu contactInformationPage 5495 review page should not render confirm email" time="0.02">
    </testcase>
    <testcase classname="Edu contactInformationPage 5490 should render" name="Edu contactInformationPage 5490 should render" time="0.095">
    </testcase>
    <testcase classname="Edu contactInformationPage 5490 should render validation errors for required fields" name="Edu contactInformationPage 5490 should render validation errors for required fields" time="0.11">
    </testcase>
    <testcase classname="Edu contactInformationPage 5490 should conditionally require phone number" name="Edu contactInformationPage 5490 should conditionally require phone number" time="0.136">
    </testcase>
    <testcase classname="Edu contactInformationPage 5490 should show error if emails do not match" name="Edu contactInformationPage 5490 should show error if emails do not match" time="0.158">
    </testcase>
    <testcase classname="Edu contactInformationPage 5490 review page should not render confirm email" name="Edu contactInformationPage 5490 review page should not render confirm email" time="0.029">
    </testcase>
    <testcase classname="Edu contactInformationPage 1990e should render" name="Edu contactInformationPage 1990e should render" time="0.169">
    </testcase>
    <testcase classname="Edu contactInformationPage 1990e should render validation errors for required fields" name="Edu contactInformationPage 1990e should render validation errors for required fields" time="0.096">
    </testcase>
    <testcase classname="Edu contactInformationPage 1990e should conditionally require phone number" name="Edu contactInformationPage 1990e should conditionally require phone number" time="0.105">
    </testcase>
    <testcase classname="Edu contactInformationPage 1990e should show error if emails do not match" name="Edu contactInformationPage 1990e should show error if emails do not match" time="0.111">
    </testcase>
    <testcase classname="Edu contactInformationPage 1990e review page should not render confirm email" name="Edu contactInformationPage 1990e review page should not render confirm email" time="0.013">
    </testcase>
    <testcase classname="Edu contactInformationPage 1990n should render" name="Edu contactInformationPage 1990n should render" time="0.064">
    </testcase>
    <testcase classname="Edu contactInformationPage 1990n should render validation errors for required fields" name="Edu contactInformationPage 1990n should render validation errors for required fields" time="0.091">
    </testcase>
    <testcase classname="Edu contactInformationPage 1990n should conditionally require phone number" name="Edu contactInformationPage 1990n should conditionally require phone number" time="0.085">
    </testcase>
    <testcase classname="Edu contactInformationPage 1990n should show error if emails do not match" name="Edu contactInformationPage 1990n should show error if emails do not match" time="0.108">
    </testcase>
    <testcase classname="Edu contactInformationPage 1990n review page should not render confirm email" name="Edu contactInformationPage 1990n review page should not render confirm email" time="0.012">
    </testcase>
    <testcase classname="Edu contactInformationPage 1995 should render" name="Edu contactInformationPage 1995 should render" time="0.048">
    </testcase>
    <testcase classname="Edu contactInformationPage 1995 should render validation errors for required fields" name="Edu contactInformationPage 1995 should render validation errors for required fields" time="0.079">
    </testcase>
    <testcase classname="Edu contactInformationPage 1995 should conditionally require phone number" name="Edu contactInformationPage 1995 should conditionally require phone number" time="0.084">
    </testcase>
    <testcase classname="Edu contactInformationPage 1995 should show error if emails do not match" name="Edu contactInformationPage 1995 should show error if emails do not match" time="0.088">
    </testcase>
    <testcase classname="Edu contactInformationPage 1995 review page should not render confirm email" name="Edu contactInformationPage 1995 review page should not render confirm email" time="0.011">
    </testcase>
  </testsuite>
  <testsuite name="&lt;Vet360TransactionPending/&gt;" errors="0" failures="0" skipped="0" timestamp="2018-12-06T00:48:55" time="4.747" tests="1">
    <testcase classname="&lt;Vet360TransactionPending/&gt; renders" name="&lt;Vet360TransactionPending/&gt; renders" time="4.625">
    </testcase>
  </testsuite>
  <testsuite name="Disability benefits 526EZ VA facility" errors="0" failures="0" skipped="0" timestamp="2018-12-06T00:48:58" time="2.58" tests="7">
    <testcase classname="Disability benefits 526EZ VA facility renders VA facility form" name="Disability benefits 526EZ VA facility renders VA facility form" time="0.272">
    </testcase>
    <testcase classname="Disability benefits 526EZ VA facility should add a VA facility" name="Disability benefits 526EZ VA facility should add a VA facility" time="0.992">
    </testcase>
    <testcase classname="Disability benefits 526EZ VA facility should validate the treatmentCenterName" name="Disability benefits 526EZ VA facility should validate the treatmentCenterName" time="0.221">
    </testcase>
    <testcase classname="Disability benefits 526EZ VA facility validates that state is military type if city is military type" name="Disability benefits 526EZ VA facility validates that state is military type if city is military type" time="0.179">
    </testcase>
    <testcase classname="Disability benefits 526EZ VA facility validates that city is military type if state is military type" name="Disability benefits 526EZ VA facility validates that city is military type if state is military type" time="0.157">
    </testcase>
    <testcase classname="Disability benefits 526EZ VA facility expands state when country is USA" name="Disability benefits 526EZ VA facility expands state when country is USA" time="0.194">
    </testcase>
    <testcase classname="Disability benefits 526EZ VA facility does not submit (and renders error messages) when no fields touched" name="Disability benefits 526EZ VA facility does not submit (and renders error messages) when no fields touched" time="0.155">
    </testcase>
  </testsuite>
  <testsuite name="Pensions financial disclosure" errors="0" failures="0" skipped="0" timestamp="2018-12-06T00:48:58" time="3.073" tests="42">
    <testcase classname="Pensions financial disclosure Monthly income should render" name="Pensions financial disclosure Monthly income should render" time="0.04">
    </testcase>
    <testcase classname="Pensions financial disclosure Monthly income should render title on review page" name="Pensions financial disclosure Monthly income should render title on review page" time="0.015">
    </testcase>
    <testcase classname="Pensions financial disclosure Monthly income should submit empty form" name="Pensions financial disclosure Monthly income should submit empty form" time="0.041">
    </testcase>
    <testcase classname="Pensions financial disclosure Monthly income should add another source" name="Pensions financial disclosure Monthly income should add another source" time="0.145">
    </testcase>
    <testcase classname="Pensions financial disclosure Monthly income should add and remove another source" name="Pensions financial disclosure Monthly income should add and remove another source" time="0.088">
    </testcase>
    <testcase classname="Pensions financial disclosure Spouse monthly income should render" name="Pensions financial disclosure Spouse monthly income should render" time="0.028">
    </testcase>
    <testcase classname="Pensions financial disclosure Spouse monthly income should submit empty form" name="Pensions financial disclosure Spouse monthly income should submit empty form" time="0.037">
    </testcase>
    <testcase classname="Pensions financial disclosure Spouse monthly income should add another source" name="Pensions financial disclosure Spouse monthly income should add another source" time="0.147">
    </testcase>
    <testcase classname="Pensions financial disclosure Spouse monthly income should add and remove another source" name="Pensions financial disclosure Spouse monthly income should add and remove another source" time="0.122">
    </testcase>
    <testcase classname="Pensions financial disclosure Net worth should render" name="Pensions financial disclosure Net worth should render" time="0.023">
    </testcase>
    <testcase classname="Pensions financial disclosure Net worth should render title on review page" name="Pensions financial disclosure Net worth should render title on review page" time="0.011">
    </testcase>
    <testcase classname="Pensions financial disclosure Net worth should submit empty form" name="Pensions financial disclosure Net worth should submit empty form" time="0.035">
    </testcase>
    <testcase classname="Pensions financial disclosure Net worth should add another source" name="Pensions financial disclosure Net worth should add another source" time="0.148">
    </testcase>
    <testcase classname="Pensions financial disclosure Net worth should add and remove another source" name="Pensions financial disclosure Net worth should add and remove another source" time="0.15">
    </testcase>
    <testcase classname="Pensions financial disclosure Spouse net worth should render" name="Pensions financial disclosure Spouse net worth should render" time="0.075">
    </testcase>
    <testcase classname="Pensions financial disclosure Spouse net worth should submit empty form" name="Pensions financial disclosure Spouse net worth should submit empty form" time="0.039">
    </testcase>
    <testcase classname="Pensions financial disclosure Spouse net worth should add another source" name="Pensions financial disclosure Spouse net worth should add another source" time="0.221">
    </testcase>
    <testcase classname="Pensions financial disclosure Spouse net worth should add and remove another source" name="Pensions financial disclosure Spouse net worth should add and remove another source" time="0.086">
    </testcase>
    <testcase classname="Pensions financial disclosure Expected income should render" name="Pensions financial disclosure Expected income should render" time="0.012">
    </testcase>
    <testcase classname="Pensions financial disclosure Expected income should render title on review page" name="Pensions financial disclosure Expected income should render title on review page" time="0.01">
    </testcase>
    <testcase classname="Pensions financial disclosure Expected income should submit empty form" name="Pensions financial disclosure Expected income should submit empty form" time="0.021">
    </testcase>
    <testcase classname="Pensions financial disclosure Expected income should add another source" name="Pensions financial disclosure Expected income should add another source" time="0.101">
    </testcase>
    <testcase classname="Pensions financial disclosure Expected income should add and remove another source" name="Pensions financial disclosure Expected income should add and remove another source" time="0.086">
    </testcase>
    <testcase classname="Pensions financial disclosure Spouse expected income should render" name="Pensions financial disclosure Spouse expected income should render" time="0.012">
    </testcase>
    <testcase classname="Pensions financial disclosure Spouse expected income should submit empty form" name="Pensions financial disclosure Spouse expected income should submit empty form" time="0.016">
    </testcase>
    <testcase classname="Pensions financial disclosure Spouse expected income should add another source" name="Pensions financial disclosure Spouse expected income should add another source" time="0.087">
    </testcase>
    <testcase classname="Pensions financial disclosure Spouse expected income should add and remove another source" name="Pensions financial disclosure Spouse expected income should add and remove another source" time="0.111">
    </testcase>
    <testcase classname="Pensions financial disclosure Dependent expected income should render" name="Pensions financial disclosure Dependent expected income should render" time="0.013">
    </testcase>
    <testcase classname="Pensions financial disclosure Dependent expected income should render title on review page" name="Pensions financial disclosure Dependent expected income should render title on review page" time="0.018">
    </testcase>
    <testcase classname="Pensions financial disclosure Dependent expected income should submit empty form" name="Pensions financial disclosure Dependent expected income should submit empty form" time="0.018">
    </testcase>
    <testcase classname="Pensions financial disclosure Dependent expected income should add another source" name="Pensions financial disclosure Dependent expected income should add another source" time="0.098">
    </testcase>
    <testcase classname="Pensions financial disclosure Dependent expected income should add and remove another source" name="Pensions financial disclosure Dependent expected income should add and remove another source" time="0.081">
    </testcase>
    <testcase classname="Pensions financial disclosure Dependent monthly income should render" name="Pensions financial disclosure Dependent monthly income should render" time="0.041">
    </testcase>
    <testcase classname="Pensions financial disclosure Dependent monthly income should render title on review page" name="Pensions financial disclosure Dependent monthly income should render title on review page" time="0.016">
    </testcase>
    <testcase classname="Pensions financial disclosure Dependent monthly income should submit empty form" name="Pensions financial disclosure Dependent monthly income should submit empty form" time="0.033">
    </testcase>
    <testcase classname="Pensions financial disclosure Dependent monthly income should add another source" name="Pensions financial disclosure Dependent monthly income should add another source" time="0.13">
    </testcase>
    <testcase classname="Pensions financial disclosure Dependent monthly income should add and remove another source" name="Pensions financial disclosure Dependent monthly income should add and remove another source" time="0.086">
    </testcase>
    <testcase classname="Pensions financial disclosure Dependent net worth should render" name="Pensions financial disclosure Dependent net worth should render" time="0.019">
    </testcase>
    <testcase classname="Pensions financial disclosure Dependent net worth should render title on review page" name="Pensions financial disclosure Dependent net worth should render title on review page" time="0.012">
    </testcase>
    <testcase classname="Pensions financial disclosure Dependent net worth should submit empty form" name="Pensions financial disclosure Dependent net worth should submit empty form" time="0.029">
    </testcase>
    <testcase classname="Pensions financial disclosure Dependent net worth should add another source" name="Pensions financial disclosure Dependent net worth should add another source" time="0.112">
    </testcase>
    <testcase classname="Pensions financial disclosure Dependent net worth should add and remove another source" name="Pensions financial disclosure Dependent net worth should add and remove another source" time="0.086">
    </testcase>
  </testsuite>
  <testsuite name="Disability benefits 526EZ primary address" errors="0" failures="0" skipped="0" timestamp="2018-12-06T00:49:00" time="2.98" tests="12">
    <testcase classname="Disability benefits 526EZ primary address renders primary address form" name="Disability benefits 526EZ primary address renders primary address form" time="0.516">
    </testcase>
    <testcase classname="Disability benefits 526EZ primary address shows state and zip when country is USA" name="Disability benefits 526EZ primary address shows state and zip when country is USA" time="0.171">
    </testcase>
    <testcase classname="Disability benefits 526EZ primary address hides state and zip when country is not USA" name="Disability benefits 526EZ primary address hides state and zip when country is not USA" time="0.114">
    </testcase>
    <testcase classname="Disability benefits 526EZ primary address restricts state options to military state codes when city is a military city code" name="Disability benefits 526EZ primary address restricts state options to military state codes when city is a military city code" time="0.124">
    </testcase>
    <testcase classname="Disability benefits 526EZ primary address does not restrict state options  when city is not a military city code" name="Disability benefits 526EZ primary address does not restrict state options  when city is not a military city code" time="0.136">
    </testcase>
    <testcase classname="Disability benefits 526EZ primary address validates that state is military type if city is military type" name="Disability benefits 526EZ primary address validates that state is military type if city is military type" time="0.149">
    </testcase>
    <testcase classname="Disability benefits 526EZ primary address validates that city is military type if state is military type" name="Disability benefits 526EZ primary address validates that city is military type if state is military type" time="0.112">
    </testcase>
    <testcase classname="Disability benefits 526EZ primary address expands forwarding address fields when forwarding address checked" name="Disability benefits 526EZ primary address expands forwarding address fields when forwarding address checked" time="0.148">
    </testcase>
    <testcase classname="Disability benefits 526EZ primary address validates that forwarding state is military type if forwarding city is military type" name="Disability benefits 526EZ primary address validates that forwarding state is military type if forwarding city is military type" time="0.13">
    </testcase>
    <testcase classname="Disability benefits 526EZ primary address validates that forwarding city is military type if forwarding state is military type" name="Disability benefits 526EZ primary address validates that forwarding city is military type if forwarding state is military type" time="0.126">
    </testcase>
    <testcase classname="Disability benefits 526EZ primary address does not submit without required info" name="Disability benefits 526EZ primary address does not submit without required info" time="0.179">
    </testcase>
    <testcase classname="Disability benefits 526EZ primary address does submit with required info" name="Disability benefits 526EZ primary address does submit with required info" time="0.032">
    </testcase>
  </testsuite>
  <testsuite name="686 spouse marriage history" errors="0" failures="0" skipped="0" timestamp="2018-12-06T00:49:02" time="1.069" tests="4">
    <testcase classname="686 spouse marriage history should render" name="686 spouse marriage history should render" time="0.201">
    </testcase>
    <testcase classname="686 spouse marriage history should not submit empty form" name="686 spouse marriage history should not submit empty form" time="0.162">
    </testcase>
    <testcase classname="686 spouse marriage history should submit with valid data and add another" name="686 spouse marriage history should submit with valid data and add another" time="0.377">
    </testcase>
    <testcase classname="686 spouse marriage history depends should return true if married and spouse was married before" name="686 spouse marriage history depends should return true if married and spouse was married before" time="0.001">
    </testcase>
  </testsuite>
  <testsuite name="static page widget" errors="0" failures="0" skipped="0" timestamp="2018-12-06T00:49:02" time="1.975" tests="5">
    <testcase classname="static page widget should display a spinner" name="static page widget should display a spinner" time="0.021">
    </testcase>
    <testcase classname="static page widget should replace loading message with slow loading message" name="static page widget should replace loading message with slow loading message" time="0.603">
    </testcase>
    <testcase classname="static page widget should show error message after timing out" name="static page widget should show error message after timing out" time="0.602">
    </testcase>
    <testcase classname="static page widget should not show error message if content replaced by React" name="static page widget should not show error message if content replaced by React" time="0.603">
    </testcase>
    <testcase classname="static page widget should skip mounting if hidden in prod" name="static page widget should skip mounting if hidden in prod" time="0.001">
    </testcase>
  </testsuite>
  <testsuite name="ConfirmationPoll" errors="0" failures="0" skipped="0" timestamp="2018-12-06T00:49:03" time="0.825" tests="3">
    <testcase classname="ConfirmationPoll should make an api call after mounting" name="ConfirmationPoll should make an api call after mounting" time="0.176">
    </testcase>
    <testcase classname="ConfirmationPoll should continue to make api calls until the response is not pending" name="ConfirmationPoll should continue to make api calls until the response is not pending" time="0.063">
    </testcase>
    <testcase classname="ConfirmationPoll should render the confirmation page" name="ConfirmationPoll should render the confirmation page" time="0.505">
    </testcase>
  </testsuite>
  <testsuite name="Disability benefits 4142 provider medical records facility information" errors="0" failures="0" skipped="0" timestamp="2018-12-06T00:49:03" time="1.153" tests="3">
    <testcase classname="Disability benefits 4142 provider medical records facility information should render 4142 form" name="Disability benefits 4142 provider medical records facility information should render 4142 form" time="0.182">
    </testcase>
    <testcase classname="Disability benefits 4142 provider medical records facility information should add a provider facility" name="Disability benefits 4142 provider medical records facility information should add a provider facility" time="0.48">
    </testcase>
    <testcase classname="Disability benefits 4142 provider medical records facility information does not submit (and renders error messages) when no fields touched" name="Disability benefits 4142 provider medical records facility information does not submit (and renders error messages) when no fields touched" time="0.208">
    </testcase>
  </testsuite>
  <testsuite name="VA Medical Records" errors="0" failures="0" skipped="0" timestamp="2018-12-06T00:49:04" time="1.928" tests="5">
    <testcase classname="VA Medical Records should render " name="VA Medical Records should render " time="0.285">
    </testcase>
    <testcase classname="VA Medical Records should not submit without all required info" name="VA Medical Records should not submit without all required info" time="0.306">
    </testcase>
    <testcase classname="VA Medical Records should submit with all required info" name="VA Medical Records should submit with all required info" time="0.159">
    </testcase>
    <testcase classname="VA Medical Records should require military city when military state selected" name="VA Medical Records should require military city when military state selected" time="0.243">
    </testcase>
    <testcase classname="VA Medical Records should require military state when military city entered" name="VA Medical Records should require military state when military city entered" time="0.217">
    </testcase>
  </testsuite>
  <testsuite name="686 marriage history" errors="0" failures="0" skipped="0" timestamp="2018-12-06T00:49:04" time="2.063" tests="9">
    <testcase classname="686 marriage history should render" name="686 marriage history should render" time="0.228">
    </testcase>
    <testcase classname="686 marriage history hideIf current marriage hides if married and last" name="686 marriage history hideIf current marriage hides if married and last" time="0">
    </testcase>
    <testcase classname="686 marriage history hideIf current marriage does not hide if married and not last" name="686 marriage history hideIf current marriage does not hide if married and not last" time="0">
    </testcase>
    <testcase classname="686 marriage history hideIf current marriage does not hide if not married" name="686 marriage history hideIf current marriage does not hide if not married" time="0.001">
    </testcase>
    <testcase classname="686 marriage history page title uses word for index" name="686 marriage history page title uses word for index" time="0">
    </testcase>
    <testcase classname="686 marriage history page title uses number when at index ten or greater" name="686 marriage history page title uses number when at index ten or greater" time="0.001">
    </testcase>
    <testcase classname="686 marriage history should not submit empty form" name="686 marriage history should not submit empty form" time="0.246">
    </testcase>
    <testcase classname="686 marriage history should render Former spouse label for previous marriages" name="686 marriage history should render Former spouse label for previous marriages" time="0.351">
    </testcase>
    <testcase classname="686 marriage history should submit with valid data" name="686 marriage history should submit with valid data" time="0.807">
    </testcase>
  </testsuite>
  <testsuite name="Pre-need service periods" errors="0" failures="0" skipped="0" timestamp="2018-12-06T00:49:05" time="2.33" tests="8">
    <testcase classname="Pre-need service periods sponsor should render" name="Pre-need service periods sponsor should render" time="0.217">
    </testcase>
    <testcase classname="Pre-need service periods sponsor should not submit empty form" name="Pre-need service periods sponsor should not submit empty form" time="0.222">
    </testcase>
    <testcase classname="Pre-need service periods sponsor should add another service period" name="Pre-need service periods sponsor should add another service period" time="0.196">
    </testcase>
    <testcase classname="Pre-need service periods sponsor should submit with valid data" name="Pre-need service periods sponsor should submit with valid data" time="0.439">
    </testcase>
    <testcase classname="Pre-need service periods applicant should render" name="Pre-need service periods applicant should render" time="0.132">
    </testcase>
    <testcase classname="Pre-need service periods applicant should not submit empty form" name="Pre-need service periods applicant should not submit empty form" time="0.293">
    </testcase>
    <testcase classname="Pre-need service periods applicant should add another service period" name="Pre-need service periods applicant should add another service period" time="0.141">
    </testcase>
    <testcase classname="Pre-need service periods applicant should submit with valid data" name="Pre-need service periods applicant should submit with valid data" time="0.251">
    </testcase>
  </testsuite>
  <testsuite name="Pensions" errors="0" failures="0" skipped="0" timestamp="2018-12-06T00:49:06" time="1.621" tests="17">
    <testcase classname="Pensions Other expenses should render" name="Pensions Other expenses should render" time="0.028">
    </testcase>
    <testcase classname="Pensions Other expenses should reveal expenses fields" name="Pensions Other expenses should reveal expenses fields" time="0.078">
    </testcase>
    <testcase classname="Pensions Other expenses should render title on review page" name="Pensions Other expenses should render title on review page" time="0.009">
    </testcase>
    <testcase classname="Pensions Other expenses should not submit empty form" name="Pensions Other expenses should not submit empty form" time="0.026">
    </testcase>
    <testcase classname="Pensions Other expenses should add another expense" name="Pensions Other expenses should add another expense" time="0.177">
    </testcase>
    <testcase classname="Pensions Other expenses should submit with valid data" name="Pensions Other expenses should submit with valid data" time="0.027">
    </testcase>
    <testcase classname="Pensions Spouse other expenses should render" name="Pensions Spouse other expenses should render" time="0.012">
    </testcase>
    <testcase classname="Pensions Spouse other expenses should reveal expenses fields" name="Pensions Spouse other expenses should reveal expenses fields" time="0.071">
    </testcase>
    <testcase classname="Pensions Spouse other expenses should not submit empty form" name="Pensions Spouse other expenses should not submit empty form" time="0.018">
    </testcase>
    <testcase classname="Pensions Spouse other expenses should add another expense" name="Pensions Spouse other expenses should add another expense" time="0.151">
    </testcase>
    <testcase classname="Pensions Spouse other expenses should submit with valid data" name="Pensions Spouse other expenses should submit with valid data" time="0.018">
    </testcase>
    <testcase classname="Pensions Dependent other expenses should render" name="Pensions Dependent other expenses should render" time="0.018">
    </testcase>
    <testcase classname="Pensions Dependent other expenses should reveal expenses fields" name="Pensions Dependent other expenses should reveal expenses fields" time="0.049">
    </testcase>
    <testcase classname="Pensions Dependent other expenses should render title on review page" name="Pensions Dependent other expenses should render title on review page" time="0.008">
    </testcase>
    <testcase classname="Pensions Dependent other expenses should not submit empty form" name="Pensions Dependent other expenses should not submit empty form" time="0.027">
    </testcase>
    <testcase classname="Pensions Dependent other expenses should add another expense" name="Pensions Dependent other expenses should add another expense" time="0.183">
    </testcase>
    <testcase classname="Pensions Dependent other expenses should submit with valid data" name="Pensions Dependent other expenses should submit with valid data" time="0.035">
    </testcase>
  </testsuite>
  <testsuite name="Pre-need preparer info" errors="0" failures="0" skipped="0" timestamp="2018-12-06T00:49:07" time="1.382" tests="6">
    <testcase classname="Pre-need preparer info should render" name="Pre-need preparer info should render" time="0.122">
    </testcase>
    <testcase classname="Pre-need preparer info should not submit empty form" name="Pre-need preparer info should not submit empty form" time="0.036">
    </testcase>
    <testcase classname="Pre-need preparer info should submit with required fields filled in" name="Pre-need preparer info should submit with required fields filled in" time="0.046">
    </testcase>
    <testcase classname="Pre-need preparer info should reveal name fields" name="Pre-need preparer info should reveal name fields" time="0.143">
    </testcase>
    <testcase classname="Pre-need preparer info should not submit without required agent fields" name="Pre-need preparer info should not submit without required agent fields" time="0.237">
    </testcase>
    <testcase classname="Pre-need preparer info should submit with all required info filled in" name="Pre-need preparer info should submit with all required info filled in" time="0.367">
    </testcase>
  </testsuite>
  <testsuite name="VIC address information" errors="0" failures="0" skipped="0" timestamp="2018-12-06T00:49:07" time="1.943" tests="5">
    <testcase classname="VIC address information should render" name="VIC address information should render" time="0.224">
    </testcase>
    <testcase classname="VIC address information should not submit without required info" name="VIC address information should not submit without required info" time="0.181">
    </testcase>
    <testcase classname="VIC address information should submit with all info filled in" name="VIC address information should submit with all info filled in" time="0.225">
    </testcase>
    <testcase classname="VIC address information should submit without state if allowed" name="VIC address information should submit without state if allowed" time="0.674">
    </testcase>
    <testcase classname="VIC address information should not submit with invalid postal code" name="VIC address information should not submit with invalid postal code" time="0.223">
    </testcase>
  </testsuite>
  <testsuite name="feedback tool school info" errors="0" failures="0" skipped="0" timestamp="2018-12-06T00:49:08" time="1.628" tests="5">
    <testcase classname="feedback tool school info should render" name="feedback tool school info should render" time="0.282">
    </testcase>
    <testcase classname="feedback tool school info should render international address fields" name="feedback tool school info should render international address fields" time="0.15">
    </testcase>
    <testcase classname="feedback tool school info should not submit without required information" name="feedback tool school info should not submit without required information" time="0.204">
    </testcase>
    <testcase classname="feedback tool school info should not submit without required international address information" name="feedback tool school info should not submit without required international address information" time="0.269">
    </testcase>
    <testcase classname="feedback tool school info should submit with required information" name="feedback tool school info should submit with required information" time="0.337">
    </testcase>
  </testsuite>
  <testsuite name="&lt;AddressSection&gt;" errors="0" failures="0" skipped="0" timestamp="2018-12-06T00:49:09" time="1.62" tests="29">
    <testcase classname="&lt;AddressSection&gt; should display an address if one is provided in props" name="&lt;AddressSection&gt; should display an address if one is provided in props" time="0.208">
    </testcase>
    <testcase classname="&lt;AddressSection&gt; should display a loading spinner if address save in progress" name="&lt;AddressSection&gt; should display a loading spinner if address save in progress" time="0.008">
    </testcase>
    <testcase classname="&lt;AddressSection&gt; should format 1 address line" name="&lt;AddressSection&gt; should format 1 address line" time="0.013">
    </testcase>
    <testcase classname="&lt;AddressSection&gt; should format address 2 address lines" name="&lt;AddressSection&gt; should format address 2 address lines" time="0.015">
    </testcase>
    <testcase classname="&lt;AddressSection&gt; should format address 3 address lines" name="&lt;AddressSection&gt; should format address 3 address lines" time="0.01">
    </testcase>
    <testcase classname="&lt;AddressSection&gt; should render an edit button if user is allowed to edit address" name="&lt;AddressSection&gt; should render an edit button if user is allowed to edit address" time="0.003">
    </testcase>
    <testcase classname="&lt;AddressSection&gt; should not render an edit button if user not allowed to edit address" name="&lt;AddressSection&gt; should not render an edit button if user not allowed to edit address" time="0.002">
    </testcase>
    <testcase classname="&lt;AddressSection&gt; should call editAddress() when Edit button is clicked" name="&lt;AddressSection&gt; should call editAddress() when Edit button is clicked" time="0.025">
    </testcase>
    <testcase classname="&lt;AddressSection&gt; should render edit fields when isEditingAddress is true" name="&lt;AddressSection&gt; should render edit fields when isEditingAddress is true" time="0.089">
    </testcase>
    <testcase classname="&lt;AddressSection&gt; should call saveAddress() when Update button is clicked" name="&lt;AddressSection&gt; should call saveAddress() when Update button is clicked" time="0.157">
    </testcase>
    <testcase classname="&lt;AddressSection&gt; should call cancelEditingAddress when Cancel button is clicked" name="&lt;AddressSection&gt; should call cancelEditingAddress when Cancel button is clicked" time="0.083">
    </testcase>
    <testcase classname="&lt;AddressSection&gt; should show addressUpdateUnavailable if countries or states lists aren&apos;t available" name="&lt;AddressSection&gt; should show addressUpdateUnavailable if countries or states lists aren&apos;t available" time="0.006">
    </testcase>
    <testcase classname="&lt;AddressSection&gt; should load address in new props after mounting" name="&lt;AddressSection&gt; should load address in new props after mounting" time="0.005">
    </testcase>
    <testcase classname="&lt;AddressSection&gt; should update editableAddress when the input changes" name="&lt;AddressSection&gt; should update editableAddress when the input changes" time="0.048">
    </testcase>
    <testcase classname="&lt;AddressSection&gt; should not call saveAddress when Cancel is clicked" name="&lt;AddressSection&gt; should not call saveAddress when Cancel is clicked" time="0.055">
    </testcase>
    <testcase classname="&lt;AddressSection&gt; should not call saveAddress when Update is clicked with invalid data" name="&lt;AddressSection&gt; should not call saveAddress when Update is clicked with invalid data" time="0.08">
    </testcase>
    <testcase classname="&lt;AddressSection&gt; should display error messages for validation failures" name="&lt;AddressSection&gt; should display error messages for validation failures" time="0.032">
    </testcase>
    <testcase classname="&lt;AddressSection&gt; should infer new address type" name="&lt;AddressSection&gt; should infer new address type" time="0.043">
    </testcase>
    <testcase classname="&lt;AddressSection&gt; should reset disallowed address fields when type changes" name="&lt;AddressSection&gt; should reset disallowed address fields when type changes" time="0.031">
    </testcase>
    <testcase classname="&lt;AddressSection&gt; should start in the editing state by calling editAddress() if address is empty and user canUpdate" name="&lt;AddressSection&gt; should start in the editing state by calling editAddress() if address is empty and user canUpdate" time="0.006">
    </testcase>
    <testcase classname="&lt;AddressSection&gt; should not start editing by calling editAddress() if address is empty but user !canUpdate" name="&lt;AddressSection&gt; should not start editing by calling editAddress() if address is empty but user !canUpdate" time="0.002">
    </testcase>
    <testcase classname="&lt;AddressSection&gt; should render an address help button" name="&lt;AddressSection&gt; should render an address help button" time="0.01">
    </testcase>
    <testcase classname="&lt;AddressSection&gt; should render an empty address warning on the edit screen" name="&lt;AddressSection&gt; should render an empty address warning on the edit screen" time="0.019">
    </testcase>
    <testcase classname="&lt;AddressSection&gt; should render an empty address warning on the view screen" name="&lt;AddressSection&gt; should render an empty address warning on the view screen" time="0.011">
    </testcase>
    <testcase classname="&lt;AddressSection&gt; validation should run all validations against a field if the address is valid" name="&lt;AddressSection&gt; validation should run all validations against a field if the address is valid" time="0.078">
    </testcase>
    <testcase classname="&lt;AddressSection&gt; validation should return the first error message it finds" name="&lt;AddressSection&gt; validation should return the first error message it finds" time="0.078">
    </testcase>
    <testcase classname="&lt;AddressSection&gt; validation should run validations on modified fields only" name="&lt;AddressSection&gt; validation should run validations on modified fields only" time="0.111">
    </testcase>
    <testcase classname="&lt;AddressSection&gt; validation should run validation against dropdowns immediately" name="&lt;AddressSection&gt; validation should run validation against dropdowns immediately" time="0.104">
    </testcase>
    <testcase classname="&lt;AddressSection&gt; validation should run validations on all fields before saving the address" name="&lt;AddressSection&gt; validation should run validations on all fields before saving the address" time="0.014">
    </testcase>
  </testsuite>
  <testsuite name="Schemaform definition address" errors="0" failures="0" skipped="0" timestamp="2018-12-06T00:49:10" time="1.944" tests="6">
    <testcase classname="Schemaform definition address should render address" name="Schemaform definition address should render address" time="0.598">
    </testcase>
    <testcase classname="Schemaform definition address should have required inputs if required" name="Schemaform definition address should have required inputs if required" time="0.203">
    </testcase>
    <testcase classname="Schemaform definition address should update labels and state selection conditionally" name="Schemaform definition address should update labels and state selection conditionally" time="0.394">
    </testcase>
    <testcase classname="Schemaform definition address should update address field" name="Schemaform definition address should update address field" time="0.116">
    </testcase>
    <testcase classname="Schemaform definition address should update country field in empty address" name="Schemaform definition address should update country field in empty address" time="0.259">
    </testcase>
    <testcase classname="Schemaform definition address should require state for non-required addresses with other info" name="Schemaform definition address should require state for non-required addresses with other info" time="0.207">
    </testcase>
  </testsuite>
  <testsuite name="Edu applicantServicePage" errors="0" failures="0" skipped="0" timestamp="2018-12-06T00:49:10" time="1.843" tests="10">
    <testcase classname="Edu applicantServicePage 5495 should render" name="Edu applicantServicePage 5495 should render" time="0.027">
    </testcase>
    <testcase classname="Edu applicantServicePage 5495 should expand" name="Edu applicantServicePage 5495 should expand" time="0.12">
    </testcase>
    <testcase classname="Edu applicantServicePage 5495 should not have required fields errors after choosing no" name="Edu applicantServicePage 5495 should not have required fields errors after choosing no" time="0.036">
    </testcase>
    <testcase classname="Edu applicantServicePage 5495 should have required field errors when expanded" name="Edu applicantServicePage 5495 should have required field errors when expanded" time="0.204">
    </testcase>
    <testcase classname="Edu applicantServicePage 5495 should add another" name="Edu applicantServicePage 5495 should add another" time="0.293">
    </testcase>
    <testcase classname="Edu applicantServicePage 5490 should render" name="Edu applicantServicePage 5490 should render" time="0.011">
    </testcase>
    <testcase classname="Edu applicantServicePage 5490 should expand" name="Edu applicantServicePage 5490 should expand" time="0.08">
    </testcase>
    <testcase classname="Edu applicantServicePage 5490 should not have required fields errors after choosing no" name="Edu applicantServicePage 5490 should not have required fields errors after choosing no" time="0.024">
    </testcase>
    <testcase classname="Edu applicantServicePage 5490 should have required field errors when expanded" name="Edu applicantServicePage 5490 should have required field errors when expanded" time="0.099">
    </testcase>
    <testcase classname="Edu applicantServicePage 5490 should add another" name="Edu applicantServicePage 5490 should add another" time="0.315">
    </testcase>
  </testsuite>
  <testsuite name="Prisoner of war info" errors="0" failures="0" skipped="0" timestamp="2018-12-06T00:49:11" time="1.942" tests="7">
    <testcase classname="Prisoner of war info should render" name="Prisoner of war info should render" time="0.127">
    </testcase>
    <testcase classname="Prisoner of war info should render confinement fields" name="Prisoner of war info should render confinement fields" time="0.209">
    </testcase>
    <testcase classname="Prisoner of war info should fail to submit when no data is filled out" name="Prisoner of war info should fail to submit when no data is filled out" time="0.034">
    </testcase>
    <testcase classname="Prisoner of war info should add another period" name="Prisoner of war info should add another period" time="0.289">
    </testcase>
    <testcase classname="Prisoner of war info should submit when data filled in" name="Prisoner of war info should submit when data filled in" time="0.176">
    </testcase>
    <testcase classname="Prisoner of war info should show new disabilities" name="Prisoner of war info should show new disabilities" time="0.111">
    </testcase>
    <testcase classname="Prisoner of war info should not show new disabilities section when none entered" name="Prisoner of war info should not show new disabilities section when none entered" time="0.136">
    </testcase>
  </testsuite>
  <testsuite name="Pre-need burial benefits" errors="0" failures="0" skipped="0" timestamp="2018-12-06T00:49:12" time="1.383" tests="6">
    <testcase classname="Pre-need burial benefits should render" name="Pre-need burial benefits should render" time="0.201">
    </testcase>
    <testcase classname="Pre-need burial benefits should not submit empty form" name="Pre-need burial benefits should not submit empty form" time="0.148">
    </testcase>
    <testcase classname="Pre-need burial benefits should fill in currently buried persons list" name="Pre-need burial benefits should fill in currently buried persons list" time="0.202">
    </testcase>
    <testcase classname="Pre-need burial benefits should fill in desired cemetery" name="Pre-need burial benefits should fill in desired cemetery" time="0.069">
    </testcase>
    <testcase classname="Pre-need burial benefits should add another currently buried person" name="Pre-need burial benefits should add another currently buried person" time="0.228">
    </testcase>
    <testcase classname="Pre-need burial benefits should fill cemetery for currently buried person" name="Pre-need burial benefits should fill cemetery for currently buried person" time="0.102">
    </testcase>
  </testsuite>
  <testsuite name="&lt;YourClaimsPageV2&gt;" errors="0" failures="0" skipped="0" timestamp="2018-12-06T00:49:14" time="0.488" tests="17">
    <testcase classname="&lt;YourClaimsPageV2&gt; should render" name="&lt;YourClaimsPageV2&gt; should render" time="0.233">
    </testcase>
    <testcase classname="&lt;YourClaimsPageV2&gt; should render a loading indicator if both requests loading" name="&lt;YourClaimsPageV2&gt; should render a loading indicator if both requests loading" time="0.022">
    </testcase>
    <testcase classname="&lt;YourClaimsPageV2&gt; should render a loading indicator if one list empty and other loading" name="&lt;YourClaimsPageV2&gt; should render a loading indicator if one list empty and other loading" time="0.003">
    </testcase>
    <testcase classname="&lt;YourClaimsPageV2&gt; should render a list of claims and appeals" name="&lt;YourClaimsPageV2&gt; should render a list of claims and appeals" time="0.05">
    </testcase>
    <testcase classname="&lt;YourClaimsPageV2&gt; should render a closed claim message if show30DayNotice is true" name="&lt;YourClaimsPageV2&gt; should render a closed claim message if show30DayNotice is true" time="0.007">
    </testcase>
    <testcase classname="&lt;YourClaimsPageV2&gt; should render Pagination" name="&lt;YourClaimsPageV2&gt; should render Pagination" time="0.002">
    </testcase>
    <testcase classname="&lt;YourClaimsPageV2&gt; should render a no claims message when no claims or appeals present" name="&lt;YourClaimsPageV2&gt; should render a no claims message when no claims or appeals present" time="0.002">
    </testcase>
    <testcase classname="&lt;YourClaimsPageV2&gt; should not render error messages if appeals are loading" name="&lt;YourClaimsPageV2&gt; should not render error messages if appeals are loading" time="0.009">
    </testcase>
    <testcase classname="&lt;YourClaimsPageV2&gt; should not render error messages if claims are loading" name="&lt;YourClaimsPageV2&gt; should not render error messages if claims are loading" time="0.01">
    </testcase>
    <testcase classname="&lt;YourClaimsPageV2&gt; should not render claims and appeals unavailable when neither is unavailable" name="&lt;YourClaimsPageV2&gt; should not render claims and appeals unavailable when neither is unavailable" time="0.003">
    </testcase>
    <testcase classname="&lt;YourClaimsPageV2&gt; should render claims unavailable when claims are unavailable" name="&lt;YourClaimsPageV2&gt; should render claims unavailable when claims are unavailable" time="0.003">
    </testcase>
    <testcase classname="&lt;YourClaimsPageV2&gt; should render appeals unavailable when appeals are unavailable" name="&lt;YourClaimsPageV2&gt; should render appeals unavailable when appeals are unavailable" time="0.004">
    </testcase>
    <testcase classname="&lt;YourClaimsPageV2&gt; should call `showConsolidatedMessage` when the relevant button is clicked" name="&lt;YourClaimsPageV2&gt; should call `showConsolidatedMessage` when the relevant button is clicked" time="0.013">
    </testcase>
    <testcase classname="&lt;YourClaimsPageV2&gt; should render a FeaturesWarning component" name="&lt;YourClaimsPageV2&gt; should render a FeaturesWarning component" time="0.002">
    </testcase>
    <testcase classname="&lt;YourClaimsPageV2&gt; should render an AskVAQuestions warning component" name="&lt;YourClaimsPageV2&gt; should render an AskVAQuestions warning component" time="0.002">
    </testcase>
    <testcase classname="&lt;YourClaimsPageV2&gt; should render 30 day notice" name="&lt;YourClaimsPageV2&gt; should render 30 day notice" time="0.002">
    </testcase>
    <testcase classname="&lt;YourClaimsPageV2&gt; should not render 30 day notice" name="&lt;YourClaimsPageV2&gt; should not render 30 day notice" time="0.002">
    </testcase>
  </testsuite>
  <testsuite name="Pre-need sponsor information" errors="0" failures="0" skipped="0" timestamp="2018-12-06T00:49:13" time="1.264" tests="4">
    <testcase classname="Pre-need sponsor information should render" name="Pre-need sponsor information should render" time="0.189">
    </testcase>
    <testcase classname="Pre-need sponsor information should not submit empty form" name="Pre-need sponsor information should not submit empty form" time="0.133">
    </testcase>
    <testcase classname="Pre-need sponsor information should submit with required information" name="Pre-need sponsor information should submit with required information" time="0.416">
    </testcase>
    <testcase classname="Pre-need sponsor information should reveal date of death question" name="Pre-need sponsor information should reveal date of death question" time="0.134">
    </testcase>
  </testsuite>
  <testsuite name="profile helpers:" errors="0" failures="0" skipped="0" timestamp="2018-12-06T00:49:13" time="1.183" tests="4">
    <testcase classname="profile helpers: formTitles should have title information for each verified form" name="profile helpers: formTitles should have title information for each verified form" time="1.053">
    </testcase>
    <testcase classname="profile helpers: formLinks should have link information for each verified form" name="profile helpers: formLinks should have link information for each verified form" time="0.001">
    </testcase>
    <testcase classname="profile helpers: sipEnabledForms should include all and only SIP enabled forms" name="profile helpers: sipEnabledForms should include all and only SIP enabled forms" time="0.014">
    </testcase>
    <testcase classname="profile helpers: handleIncompleteInformation should push error into window if a form is missing title or link information" name="profile helpers: handleIncompleteInformation should push error into window if a form is missing title or link information" time="0.002">
    </testcase>
  </testsuite>
  <testsuite name="Hca serviceInformation" errors="0" failures="0" skipped="0" timestamp="2018-12-06T00:49:15" time="1.019" tests="4">
    <testcase classname="Hca serviceInformation renders military info" name="Hca serviceInformation renders military info" time="0.142">
    </testcase>
    <testcase classname="Hca serviceInformation does not submit without info" name="Hca serviceInformation does not submit without info" time="0.048">
    </testcase>
    <testcase classname="Hca serviceInformation submits with required info" name="Hca serviceInformation submits with required info" time="0.147">
    </testcase>
    <testcase classname="Hca serviceInformation shows discharge type with lastDischargeDate is in the present or past" name="Hca serviceInformation shows discharge type with lastDischargeDate is in the present or past" time="0.228">
    </testcase>
  </testsuite>
  <testsuite name="Pre-need definition address" errors="0" failures="0" skipped="0" timestamp="2018-12-06T00:49:15" time="1.177" tests="6">
    <testcase classname="Pre-need definition address should render address" name="Pre-need definition address should render address" time="0.408">
    </testcase>
    <testcase classname="Pre-need definition address should have required inputs if required" name="Pre-need definition address should have required inputs if required" time="0.109">
    </testcase>
    <testcase classname="Pre-need definition address should update labels and state selection conditionally" name="Pre-need definition address should update labels and state selection conditionally" time="0.184">
    </testcase>
    <testcase classname="Pre-need definition address should update address field" name="Pre-need definition address should update address field" time="0.112">
    </testcase>
    <testcase classname="Pre-need definition address should update country field in empty address" name="Pre-need definition address should update country field in empty address" time="0.12">
    </testcase>
    <testcase classname="Pre-need definition address should require state for non-required addresses with other info" name="Pre-need definition address should require state for non-required addresses with other info" time="0.132">
    </testcase>
  </testsuite>
  <testsuite name="VRE chapter 36 veteran information" errors="0" failures="0" skipped="0" timestamp="2018-12-06T00:49:15" time="1.18" tests="6">
    <testcase classname="VRE chapter 36 veteran information renders veteran information fields" name="VRE chapter 36 veteran information renders veteran information fields" time="0.161">
    </testcase>
    <testcase classname="VRE chapter 36 veteran information renders veteran date of death field when view:isVeteran is false" name="VRE chapter 36 veteran information renders veteran date of death field when view:isVeteran is false" time="0.079">
    </testcase>
    <testcase classname="VRE chapter 36 veteran information renders veteran gender when view:isVeteran is true" name="VRE chapter 36 veteran information renders veteran gender when view:isVeteran is true" time="0.043">
    </testcase>
    <testcase classname="VRE chapter 36 veteran information does not submit without required veteran information" name="VRE chapter 36 veteran information does not submit without required veteran information" time="0.09">
    </testcase>
    <testcase classname="VRE chapter 36 veteran information submits with only required information with ssn" name="VRE chapter 36 veteran information submits with only required information with ssn" time="0.184">
    </testcase>
    <testcase classname="VRE chapter 36 veteran information submits with only required information with va file number" name="VRE chapter 36 veteran information submits with only required information with va file number" time="0.251">
    </testcase>
  </testsuite>
  <testsuite name="Edu 5490 sponsorInformation" errors="0" failures="0" skipped="0" timestamp="2018-12-06T00:49:16" time="0.693" tests="2">
    <testcase classname="Edu 5490 sponsorInformation should render" name="Edu 5490 sponsorInformation should render" time="0.057">
    </testcase>
    <testcase classname="Edu 5490 sponsorInformation should conditionally show spouseInfo options" name="Edu 5490 sponsorInformation should conditionally show spouseInfo options" time="0.083">
    </testcase>
  </testsuite>
  <testsuite name="VRE chapter 31 military history" errors="0" failures="0" skipped="0" timestamp="2018-12-06T00:49:16" time="1.203" tests="4">
    <testcase classname="VRE chapter 31 military history renders military info" name="VRE chapter 31 military history renders military info" time="0.173">
    </testcase>
    <testcase classname="VRE chapter 31 military history renders military info" name="VRE chapter 31 military history renders military info" time="0.09">
    </testcase>
    <testcase classname="VRE chapter 31 military history submits with required info" name="VRE chapter 31 military history submits with required info" time="0.314">
    </testcase>
    <testcase classname="VRE chapter 31 military history does not submit without info" name="VRE chapter 31 military history does not submit without info" time="0.136">
    </testcase>
  </testsuite>
  <testsuite name="Hca spouse information" errors="0" failures="0" skipped="0" timestamp="2018-12-06T00:49:17" time="0.774" tests="3">
    <testcase classname="Hca spouse information should render" name="Hca spouse information should render" time="0.077">
    </testcase>
    <testcase classname="Hca spouse information should not submit empty form" name="Hca spouse information should not submit empty form" time="0.079">
    </testcase>
    <testcase classname="Hca spouse information should expand hidden fields" name="Hca spouse information should expand hidden fields" time="0.181">
    </testcase>
  </testsuite>
  <testsuite name="Hca financial disclosure" errors="0" failures="0" skipped="0" timestamp="2018-12-06T00:49:18" time="0.436" tests="4">
    <testcase classname="Hca financial disclosure should render" name="Hca financial disclosure should render" time="0.025">
    </testcase>
    <testcase classname="Hca financial disclosure should not submit empty form" name="Hca financial disclosure should not submit empty form" time="0.026">
    </testcase>
    <testcase classname="Hca financial disclosure should submit with valid data" name="Hca financial disclosure should submit with valid data" time="0.028">
    </testcase>
    <testcase classname="Hca financial disclosure should show a warning if No is selected" name="Hca financial disclosure should show a warning if No is selected" time="0.018">
    </testcase>
  </testsuite>
  <testsuite name="Military history" errors="0" failures="0" skipped="0" timestamp="2018-12-06T00:49:17" time="1.021" tests="4">
    <testcase classname="Military history should render" name="Military history should render" time="0.167">
    </testcase>
    <testcase classname="Military history should fail to submit when no data is filled out" name="Military history should fail to submit when no data is filled out" time="0.103">
    </testcase>
    <testcase classname="Military history should add another service period" name="Military history should add another service period" time="0.213">
    </testcase>
    <testcase classname="Military history should submit when data filled in" name="Military history should submit when data filled in" time="0.145">
    </testcase>
  </testsuite>
  <testsuite name="Pensions service periods" errors="0" failures="0" skipped="0" timestamp="2018-12-06T00:49:19" time="1.072" tests="6">
    <testcase classname="Pensions service periods should render" name="Pensions service periods should render" time="0.08">
    </testcase>
    <testcase classname="Pensions service periods should not submit empty form" name="Pensions service periods should not submit empty form" time="0.08">
    </testcase>
    <testcase classname="Pensions service periods should display warning if the veteran did not serve during a wartime period" name="Pensions service periods should display warning if the veteran did not serve during a wartime period" time="0.158">
    </testcase>
    <testcase classname="Pensions service periods should not display warning if the veteran did serve during a wartime period" name="Pensions service periods should not display warning if the veteran did serve during a wartime period" time="0.136">
    </testcase>
    <testcase classname="Pensions service periods should add another service period" name="Pensions service periods should add another service period" time="0.174">
    </testcase>
    <testcase classname="Pensions service periods should submit with valid data" name="Pensions service periods should submit with valid data" time="0.129">
    </testcase>
  </testsuite>
  <testsuite name="claimant information" errors="0" failures="0" skipped="0" timestamp="2018-12-06T00:49:18" time="1.059" tests="3">
    <testcase classname="claimant information should render" name="claimant information should render" time="0.214">
    </testcase>
    <testcase classname="claimant information should not continue without required info" name="claimant information should not continue without required info" time="0.176">
    </testcase>
    <testcase classname="claimant information should continue with all info filled in" name="claimant information should continue with all info filled in" time="0.357">
    </testcase>
  </testsuite>
  <testsuite name="Pensions employment history" errors="0" failures="0" skipped="0" timestamp="2018-12-06T00:49:19" time="1.491" tests="7">
    <testcase classname="Pensions employment history should render" name="Pensions employment history should render" time="0.043">
    </testcase>
    <testcase classname="Pensions employment history should expand to show all questions" name="Pensions employment history should expand to show all questions" time="0.212">
    </testcase>
    <testcase classname="Pensions employment history should should have no required fields if &quot;no&quot; is selected" name="Pensions employment history should should have no required fields if &quot;no&quot; is selected" time="0.025">
    </testcase>
    <testcase classname="Pensions employment history should not submit empty form" name="Pensions employment history should not submit empty form" time="0.248">
    </testcase>
    <testcase classname="Pensions employment history should add another job" name="Pensions employment history should add another job" time="0.631">
    </testcase>
    <testcase classname="Pensions employment history depends should return true if under 65" name="Pensions employment history depends should return true if under 65" time="0.002">
    </testcase>
    <testcase classname="Pensions employment history depends should return false if 65" name="Pensions employment history depends should return false if 65" time="0.001">
    </testcase>
  </testsuite>
  <testsuite name="feedback tool applicant info" errors="0" failures="0" skipped="0" timestamp="2018-12-06T00:49:20" time="0.495" tests="2">
    <testcase classname="feedback tool applicant info should render" name="feedback tool applicant info should render" time="0.134">
    </testcase>
    <testcase classname="feedback tool applicant info should submit without any information" name="feedback tool applicant info should submit without any information" time="0.05">
    </testcase>
  </testsuite>
  <testsuite name="PTSD Assault permission notice" errors="0" failures="0" skipped="0" timestamp="2018-12-06T00:49:20" time="1.011" tests="3">
    <testcase classname="PTSD Assault permission notice should render" name="PTSD Assault permission notice should render" time="0.19">
    </testcase>
    <testcase classname="PTSD Assault permission notice should add an authority" name="PTSD Assault permission notice should add an authority" time="0.284">
    </testcase>
    <testcase classname="PTSD Assault permission notice should allow submission with no authorities" name="PTSD Assault permission notice should allow submission with no authorities" time="0.108">
    </testcase>
  </testsuite>
  <testsuite name="Hca dependent information" errors="0" failures="0" skipped="0" timestamp="2018-12-06T00:49:20" time="1.029" tests="4">
[...]
    </testcase>
    <testcase classname="edu helpers: formatPartialDate should format a date with missing month" name="edu helpers: formatPartialDate should format a date with missing month" time="0.001">
    </testcase>
    <testcase classname="edu helpers: formatPartialDate should format a date with missing day" name="edu helpers: formatPartialDate should format a date with missing day" time="0">
    </testcase>
    <testcase classname="edu helpers: formatPartialDate should format a date with missing year" name="edu helpers: formatPartialDate should format a date with missing year" time="0">
    </testcase>
    <testcase classname="edu helpers: formatPartialDate should format a date with space in year" name="edu helpers: formatPartialDate should format a date with space in year" time="0.001">
    </testcase>
    <testcase classname="edu helpers: formatPartialDate should format a date with non digit characters in year" name="edu helpers: formatPartialDate should format a date with non digit characters in year" time="0">
    </testcase>
    <testcase classname="edu helpers: formatPartialDate should return undefined for blank date" name="edu helpers: formatPartialDate should return undefined for blank date" time="0">
    </testcase>
    <testcase classname="edu helpers: formatPartialDate should return undefined for undefined date" name="edu helpers: formatPartialDate should return undefined for undefined date" time="0">
    </testcase>
    <testcase classname="edu helpers: formatPartialDate should format a partial year" name="edu helpers: formatPartialDate should format a partial year" time="0.001">
    </testcase>
  </testsuite>
  <testsuite name="Burials validation" errors="0" failures="0" skipped="0" timestamp="2018-12-06T00:51:28" time="0.1" tests="5">
    <testcase classname="Burials validation validateBurialAndDeathDates should allow burial date after death date" name="Burials validation validateBurialAndDeathDates should allow burial date after death date" time="0.003">
    </testcase>
    <testcase classname="Burials validation validateBurialAndDeathDates should allow burial date on death date" name="Burials validation validateBurialAndDeathDates should allow burial date on death date" time="0.001">
    </testcase>
    <testcase classname="Burials validation validateBurialAndDeathDates should not allow burial date before death date" name="Burials validation validateBurialAndDeathDates should not allow burial date before death date" time="0">
    </testcase>
    <testcase classname="Burials validation validateBurialAndDeathDates should allow birth date before death date" name="Burials validation validateBurialAndDeathDates should allow birth date before death date" time="0.001">
    </testcase>
    <testcase classname="Burials validation validateBurialAndDeathDates should not allow birth date after death date" name="Burials validation validateBurialAndDeathDates should not allow birth date after death date" time="0">
    </testcase>
  </testsuite>
  <testsuite name="filter reducer" errors="0" failures="0" skipped="0" timestamp="2018-12-06T00:51:28" time="0.107" tests="1">
    <testcase classname="filter reducer should change filter successfully" name="filter reducer should change filter successfully" time="0.003">
    </testcase>
  </testsuite>
  <testsuite name="Helpers unit tests" errors="0" failures="0" skipped="0" timestamp="2018-12-06T00:51:28" time="0.145" tests="12">
    <testcase classname="Helpers unit tests dateToMoment should convert date to moment" name="Helpers unit tests dateToMoment should convert date to moment" time="0.004">
    </testcase>
    <testcase classname="Helpers unit tests dateToMoment should convert partial date to moment" name="Helpers unit tests dateToMoment should convert partial date to moment" time="0.001">
    </testcase>
    <testcase classname="Helpers unit tests timeFromNow should display time in days" name="Helpers unit tests timeFromNow should display time in days" time="0.001">
    </testcase>
    <testcase classname="Helpers unit tests timeFromNow should display time in hours" name="Helpers unit tests timeFromNow should display time in hours" time="0">
    </testcase>
    <testcase classname="Helpers unit tests timeFromNow should display time in minutes" name="Helpers unit tests timeFromNow should display time in minutes" time="0.001">
    </testcase>
    <testcase classname="Helpers unit tests timeFromNow should display time in seconds" name="Helpers unit tests timeFromNow should display time in seconds" time="0">
    </testcase>
    <testcase classname="Helpers unit tests formatDateShort should display the date in the short format" name="Helpers unit tests formatDateShort should display the date in the short format" time="0.002">
    </testcase>
    <testcase classname="Helpers unit tests formatDateParsedZoneShort should display the date in the short format" name="Helpers unit tests formatDateParsedZoneShort should display the date in the short format" time="0">
    </testcase>
    <testcase classname="Helpers unit tests formatDateParsedZoneShort should display the date string without regard to the timezone or offset" name="Helpers unit tests formatDateParsedZoneShort should display the date string without regard to the timezone or offset" time="0.003">
    </testcase>
    <testcase classname="Helpers unit tests formatDateLong should display the date in the short format" name="Helpers unit tests formatDateLong should display the date in the short format" time="0">
    </testcase>
    <testcase classname="Helpers unit tests formatDateParsedZoneLong should display the date in the short format" name="Helpers unit tests formatDateParsedZoneLong should display the date in the short format" time="0.001">
    </testcase>
    <testcase classname="Helpers unit tests formatDateParsedZoneLong should display the date string without regard to the timezone or offset" name="Helpers unit tests formatDateParsedZoneLong should display the date string without regard to the timezone or offset" time="0.002">
    </testcase>
  </testsuite>
  <testsuite name="title reducer" errors="0" failures="0" skipped="0" timestamp="2018-12-06T00:51:28" time="0.091" tests="1">
    <testcase classname="title reducer should set the page title" name="title reducer should set the page title" time="0.002">
    </testcase>
  </testsuite>
  <testsuite name="preview reducer" errors="0" failures="0" skipped="0" timestamp="2018-12-06T00:51:28" time="0.118" tests="3">
    <testcase classname="preview reducer should enter preview mode" name="preview reducer should enter preview mode" time="0.009">
    </testcase>
    <testcase classname="preview reducer should exit preview mode" name="preview reducer should exit preview mode" time="0">
    </testcase>
    <testcase classname="preview reducer should set version correctly" name="preview reducer should set version correctly" time="0">
    </testcase>
  </testsuite>
  <testsuite name="connectedAccounts" errors="0" failures="0" skipped="0" timestamp="2018-12-06T00:51:28" time="0.111" tests="6">
    <testcase classname="connectedAccounts receives a loading accounts type" name="connectedAccounts receives a loading accounts type" time="0.01">
    </testcase>
    <testcase classname="connectedAccounts receives a finished accounts state" name="connectedAccounts receives a finished accounts state" time="0.001">
    </testcase>
    <testcase classname="connectedAccounts receives a errors accounts state" name="connectedAccounts receives a errors accounts state" time="0">
    </testcase>
    <testcase classname="connectedAccounts receives a deleting account state" name="connectedAccounts receives a deleting account state" time="0.001">
    </testcase>
    <testcase classname="connectedAccounts receives a finished deleting account state" name="connectedAccounts receives a finished deleting account state" time="0">
    </testcase>
    <testcase classname="connectedAccounts receives an error deleting account state" name="connectedAccounts receives an error deleting account state" time="0">
    </testcase>
  </testsuite>
  <testsuite name="modal reducer" errors="0" failures="0" skipped="0" timestamp="2018-12-06T00:51:28" time="0.138" tests="2">
    <testcase classname="modal reducer should close modal" name="modal reducer should close modal" time="0.003">
    </testcase>
    <testcase classname="modal reducer should open modal" name="modal reducer should open modal" time="0.001">
    </testcase>
  </testsuite>
  <testsuite name="index reducer" errors="0" failures="0" skipped="0" timestamp="2018-12-06T00:51:29" time="0.12" tests="2">
    <testcase classname="index reducer should fetch hero info" name="index reducer should fetch hero info" time="0.005">
    </testcase>
    <testcase classname="index reducer should fetch personalInformation" name="index reducer should fetch personalInformation" time="0.001">
    </testcase>
  </testsuite>
  <testsuite name="Pre-need validation" errors="0" failures="0" skipped="0" timestamp="2018-12-06T00:51:29" time="0.125" tests="6">
    <testcase classname="Pre-need validation validateSponsorDeathDate should return error if death is before birth" name="Pre-need validation validateSponsorDeathDate should return error if death is before birth" time="0.005">
    </testcase>
    <testcase classname="Pre-need validation validateSponsorDeathDate should return error if death is same as birth" name="Pre-need validation validateSponsorDeathDate should return error if death is same as birth" time="0.001">
    </testcase>
    <testcase classname="Pre-need validation validateSponsorDeathDate should not add error if death is after birth" name="Pre-need validation validateSponsorDeathDate should not add error if death is after birth" time="0">
    </testcase>
    <testcase classname="Pre-need validation validateSponsorDeathDate should not add error if not deceased" name="Pre-need validation validateSponsorDeathDate should not add error if not deceased" time="0.001">
    </testcase>
    <testcase classname="Pre-need validation validateSponsorDeathDate should not add error if no death date" name="Pre-need validation validateSponsorDeathDate should not add error if no death date" time="0">
    </testcase>
    <testcase classname="Pre-need validation validateSponsorDeathDate should not add error if no dates" name="Pre-need validation validateSponsorDeathDate should not add error if no dates" time="0">
    </testcase>
  </testsuite>
  <testsuite name="announcementsReducer" errors="0" failures="0" skipped="0" timestamp="2018-12-06T00:51:29" time="0.119" tests="3">
    <testcase classname="announcementsReducer defaults isInitialized to false" name="announcementsReducer defaults isInitialized to false" time="0.002">
    </testcase>
    <testcase classname="announcementsReducer flips isInitialized to true when the init action is dispatched" name="announcementsReducer flips isInitialized to true when the init action is dispatched" time="0.001">
    </testcase>
    <testcase classname="announcementsReducer adds dismissed announcements into state" name="announcementsReducer adds dismissed announcements into state" time="0.001">
    </testcase>
  </testsuite>
  <testsuite name="search reducer" errors="0" failures="0" skipped="0" timestamp="2018-12-06T00:51:29" time="0.1" tests="4">
    <testcase classname="search reducer should toggle filters" name="search reducer should toggle filters" time="0.002">
    </testcase>
    <testcase classname="search reducer should set search inProgress" name="search reducer should set search inProgress" time="0">
    </testcase>
    <testcase classname="search reducer should set correct state on failure" name="search reducer should set correct state on failure" time="0">
    </testcase>
    <testcase classname="search reducer should set correct state on success" name="search reducer should set correct state on success" time="0.002">
    </testcase>
  </testsuite>
  <testsuite name="526 Increase validations" errors="0" failures="0" skipped="0" timestamp="2018-12-06T00:51:29" time="0.122" tests="3">
    <testcase classname="526 Increase validations isInPast should not add error when no date present" name="526 Increase validations isInPast should not add error when no date present" time="0.002">
    </testcase>
    <testcase classname="526 Increase validations isInPast should not add error when end date is in past" name="526 Increase validations isInPast should not add error when end date is in past" time="0.001">
    </testcase>
    <testcase classname="526 Increase validations isInPast should add error when end date is in past" name="526 Increase validations isInPast should add error when end date is in past" time="0">
    </testcase>
  </testsuite>
  <testsuite name="Claims status validation:" errors="0" failures="0" skipped="0" timestamp="2018-12-06T00:51:29" time="0.122" tests="8">
    <testcase classname="Claims status validation: isValidFileSize should validate size is less than max" name="Claims status validation: isValidFileSize should validate size is less than max" time="0.003">
    </testcase>
    <testcase classname="Claims status validation: isValidFileType should check that file has a valid type" name="Claims status validation: isValidFileType should check that file has a valid type" time="0.001">
    </testcase>
    <testcase classname="Claims status validation: isValidFileType should check that file has an invalid type" name="Claims status validation: isValidFileType should check that file has an invalid type" time="0">
    </testcase>
    <testcase classname="Claims status validation: isValidFileType should check that file has a valid type regardless of case" name="Claims status validation: isValidFileType should check that file has a valid type regardless of case" time="0">
    </testcase>
    <testcase classname="Claims status validation: isValidFile should validate file for size and type" name="Claims status validation: isValidFile should validate file for size and type" time="0.001">
    </testcase>
    <testcase classname="Claims status validation: isValidFile should not validate empty file" name="Claims status validation: isValidFile should not validate empty file" time="0">
    </testcase>
    <testcase classname="Claims status validation: isValidDocument should validate that docType is not blank" name="Claims status validation: isValidDocument should validate that docType is not blank" time="0">
    </testcase>
    <testcase classname="Claims status validation: isValidDocument should validate that docType and file are valid" name="Claims status validation: isValidDocument should validate that docType and file are valid" time="0.001">
    </testcase>
  </testsuite>
  <testsuite name="preferencesducer" errors="0" failures="0" skipped="0" timestamp="2018-12-06T00:51:29" time="0.119" tests="4">
    <testcase classname="preferencesducer should handle successfully loading preferences" name="preferencesducer should handle successfully loading preferences" time="0.006">
    </testcase>
    <testcase classname="preferencesducer should handle successfully saving preferences" name="preferencesducer should handle successfully saving preferences" time="0">
    </testcase>
    <testcase classname="preferencesducer should set notification email" name="preferencesducer should set notification email" time="0.001">
    </testcase>
    <testcase classname="preferencesducer should set notification frequency" name="preferencesducer should set notification frequency" time="0">
    </testcase>
  </testsuite>
  <testsuite name="authorization actions" errors="0" failures="0" skipped="3" timestamp="2018-12-06T00:51:30" time="0.103" tests="3">
    <testcase classname="authorization actions verifyDisablityRating should not dispatch LOAD_30_PERCENT_DISABILITY_RATING_STARTED and LOAD_30_PERCENT_DISABILITY_RATING_SUCCEEDED actions if user is not verified" name="authorization actions verifyDisablityRating should not dispatch LOAD_30_PERCENT_DISABILITY_RATING_STARTED and LOAD_30_PERCENT_DISABILITY_RATING_SUCCEEDED actions if user is not verified" time="0.001">
      <skipped/>
    </testcase>
    <testcase classname="authorization actions verifyDisablityRating should dispatch LOAD_30_PERCENT_DISABILITY_RATING_STARTED and LOAD_30_PERCENT_DISABILITY_RATING_SUCCEEDED actions" name="authorization actions verifyDisablityRating should dispatch LOAD_30_PERCENT_DISABILITY_RATING_STARTED and LOAD_30_PERCENT_DISABILITY_RATING_SUCCEEDED actions" time="0">
      <skipped/>
    </testcase>
    <testcase classname="authorization actions verifyDisablityRating should dispatch LOAD_30_PERCENT_DISABILITY_RATING_STARTED and LOAD_30_PERCENT_DISABILITY_RATING_FAILED actions" name="authorization actions verifyDisablityRating should dispatch LOAD_30_PERCENT_DISABILITY_RATING_STARTED and LOAD_30_PERCENT_DISABILITY_RATING_FAILED actions" time="0">
      <skipped/>
    </testcase>
  </testsuite>
  <testsuite name="Burials migrations" errors="0" failures="0" skipped="0" timestamp="2018-12-06T00:51:30" time="0.101" tests="2">
    <testcase classname="Burials migrations should set url to address page if zip is bad" name="Burials migrations should set url to address page if zip is bad" time="0.001">
    </testcase>
    <testcase classname="Burials migrations should set url to veteran info page if file number is bad" name="Burials migrations should set url to veteran info page if file number is bad" time="0.001">
    </testcase>
  </testsuite>
  <testsuite name="526EZ veteran information" errors="0" failures="0" skipped="1" timestamp="2018-12-06T00:51:30" time="0.296" tests="1">
    <testcase classname="526EZ veteran information should submit without validation errors" name="526EZ veteran information should submit without validation errors" time="0">
      <skipped/>
    </testcase>
  </testsuite>
  <testsuite name="modals reducer" errors="0" failures="0" skipped="0" timestamp="2018-12-06T00:51:30" time="0.107" tests="2">
    <testcase classname="modals reducer should display modal correctly" name="modals reducer should display modal correctly" time="0.004">
    </testcase>
    <testcase classname="modals reducer should close modals when route is updated" name="modals reducer should close modals when route is updated" time="0">
    </testcase>
  </testsuite>
  <testsuite name="526 All Claims validations" errors="0" failures="0" skipped="0" timestamp="2018-12-06T00:51:30" time="0.08" tests="6">
    <testcase classname="526 All Claims validations isValidYear should add an error if the year is not a number" name="526 All Claims validations isValidYear should add an error if the year is not a number" time="0.002">
    </testcase>
    <testcase classname="526 All Claims validations isValidYear should add an error if the year contains more than just four digits" name="526 All Claims validations isValidYear should add an error if the year contains more than just four digits" time="0">
    </testcase>
    <testcase classname="526 All Claims validations isValidYear should add an error if the year is less than 1900" name="526 All Claims validations isValidYear should add an error if the year is less than 1900" time="0">
    </testcase>
    <testcase classname="526 All Claims validations isValidYear should add an error if the year is more than 3000" name="526 All Claims validations isValidYear should add an error if the year is more than 3000" time="0">
    </testcase>
    <testcase classname="526 All Claims validations isValidYear should not add an error if the year is between 1900 and 3000" name="526 All Claims validations isValidYear should not add an error if the year is between 1900 and 3000" time="0.001">
    </testcase>
    <testcase classname="526 All Claims validations isValidYear should add an error if the year is in the future" name="526 All Claims validations isValidYear should add an error if the year is in the future" time="0">
    </testcase>
  </testsuite>
</testsuites>